Building project...
[INFO] Scanning for projects...
[INFO] ------------------------------------------------------------------------
[INFO] Reactor Build Order:
[INFO]
[INFO] fileserv-parent                                                    [pom]
[INFO] fileserv-core                                                      [jar]
[INFO] fileserv-auth-dummy                                                [jar]
[INFO] fileserv-auth-file                                                 [pom]
[INFO] fileserv-auth-file-plaintext                                       [jar]
[INFO] fileserv-auth-file-bcrypt                                          [jar]
[INFO] fileserv-auth-file-smb-utils                                       [jar]
[INFO] fileserv-auth-file-smb                                             [jar]
[INFO] fileserv-auth-file-smbpasswd                                       [jar]
[INFO] fileserv-auth-ldap                                                 [jar]
[INFO] fileserv-app                                                       [jar]
[INFO] fileserv-test-webdav                                               [jar]
[INFO] fileserv-test-generate-hierarchy                                   [jar]
[INFO]
[INFO] -----------------------< de.sty:fileserv-parent >-----------------------
[INFO] Building fileserv-parent 0.2.2-SNAPSHOT                           [1/13]
[INFO]   from pom.xml
[INFO] --------------------------------[ pom ]---------------------------------
[INFO]
[INFO] --- clean:3.2.0:clean (default-clean) @ fileserv-parent ---
[INFO]
[INFO] ------------------------< de.sty:fileserv-core >------------------------
[INFO] Building fileserv-core 0.2.2-SNAPSHOT                             [2/13]
[INFO]   from fileserv-core/pom.xml
[INFO] --------------------------------[ jar ]---------------------------------
[INFO]
[INFO] --- clean:3.2.0:clean (default-clean) @ fileserv-core ---
[INFO] Deleting /Users/timo/Dev/stuelten@gh/fileserv/fileserv-core/target
[INFO]
[INFO] --- resources:3.3.1:resources (default-resources) @ fileserv-core ---
[INFO] Copying 1 resource from src/main/resources to target/classes
[INFO]
[INFO] --- compiler:3.14.1:compile (default-compile) @ fileserv-core ---
[INFO] Recompiling the module because of changed source code.
[INFO] Compiling 13 source files with javac [debug release 21] to target/classes
[INFO]
[INFO] --- resources:3.3.1:testResources (default-testResources) @ fileserv-core ---
[INFO] skip non existing resourceDirectory /Users/timo/Dev/stuelten@gh/fileserv/fileserv-core/src/test/resources
[INFO]
[INFO] --- compiler:3.14.1:testCompile (default-testCompile) @ fileserv-core ---
[INFO] Recompiling the module because of changed dependency.
[INFO] Compiling 7 source files with javac [debug release 21] to target/test-classes
[INFO]
[INFO] --- surefire:3.5.4:test (default-test) @ fileserv-core ---
[INFO] Tests are skipped.
[INFO]
[INFO] --- jar:3.4.1:jar (default-jar) @ fileserv-core ---
[INFO] Building jar: /Users/timo/Dev/stuelten@gh/fileserv/fileserv-core/target/fileserv-core-0.2.2-SNAPSHOT.jar
[INFO]
[INFO] ---------------------< de.sty:fileserv-auth-dummy >---------------------
[INFO] Building fileserv-auth-dummy 0.2.2-SNAPSHOT                       [3/13]
[INFO]   from fileserv-auth-dummy/pom.xml
[INFO] --------------------------------[ jar ]---------------------------------
[INFO]
[INFO] --- clean:3.2.0:clean (default-clean) @ fileserv-auth-dummy ---
[INFO] Deleting /Users/timo/Dev/stuelten@gh/fileserv/fileserv-auth-dummy/target
[INFO]
[INFO] --- resources:3.3.1:resources (default-resources) @ fileserv-auth-dummy ---
[INFO] Copying 1 resource from src/main/resources to target/classes
[INFO]
[INFO] --- compiler:3.14.1:compile (default-compile) @ fileserv-auth-dummy ---
[INFO] Recompiling the module because of changed dependency.
[INFO] Compiling 2 source files with javac [debug release 21] to target/classes
[INFO]
[INFO] --- resources:3.3.1:testResources (default-testResources) @ fileserv-auth-dummy ---
[INFO] skip non existing resourceDirectory /Users/timo/Dev/stuelten@gh/fileserv/fileserv-auth-dummy/src/test/resources
[INFO]
[INFO] --- compiler:3.14.1:testCompile (default-testCompile) @ fileserv-auth-dummy ---
[INFO] No sources to compile
[INFO]
[INFO] --- surefire:3.5.4:test (default-test) @ fileserv-auth-dummy ---
[INFO] Tests are skipped.
[INFO]
[INFO] --- jar:3.4.1:jar (default-jar) @ fileserv-auth-dummy ---
[INFO] Building jar: /Users/timo/Dev/stuelten@gh/fileserv/fileserv-auth-dummy/target/fileserv-auth-dummy-0.2.2-SNAPSHOT.jar
[INFO]
[INFO] ---------------------< de.sty:fileserv-auth-file >----------------------
[INFO] Building fileserv-auth-file 0.2.2-SNAPSHOT                        [4/13]
[INFO]   from fileserv-auth-file/pom.xml
[INFO] --------------------------------[ pom ]---------------------------------
[INFO]
[INFO] --- clean:3.2.0:clean (default-clean) @ fileserv-auth-file ---
[INFO]
[INFO] ----------------< de.sty:fileserv-auth-file-plaintext >-----------------
[INFO] Building fileserv-auth-file-plaintext 0.2.2-SNAPSHOT              [5/13]
[INFO]   from fileserv-auth-file/fileserv-auth-file-plaintext/pom.xml
[INFO] --------------------------------[ jar ]---------------------------------
[INFO]
[INFO] --- clean:3.2.0:clean (default-clean) @ fileserv-auth-file-plaintext ---
[INFO] Deleting /Users/timo/Dev/stuelten@gh/fileserv/fileserv-auth-file/fileserv-auth-file-plaintext/target
[INFO]
[INFO] --- resources:3.3.1:resources (default-resources) @ fileserv-auth-file-plaintext ---
[INFO] Copying 1 resource from src/main/resources to target/classes
[INFO]
[INFO] --- compiler:3.14.1:compile (default-compile) @ fileserv-auth-file-plaintext ---
[INFO] Recompiling the module because of changed dependency.
[INFO] Compiling 2 source files with javac [debug release 21] to target/classes
[INFO]
[INFO] --- resources:3.3.1:testResources (default-testResources) @ fileserv-auth-file-plaintext ---
[INFO] skip non existing resourceDirectory /Users/timo/Dev/stuelten@gh/fileserv/fileserv-auth-file/fileserv-auth-file-plaintext/src/test/resources
[INFO]
[INFO] --- compiler:3.14.1:testCompile (default-testCompile) @ fileserv-auth-file-plaintext ---
[INFO] Recompiling the module because of changed dependency.
[INFO] Compiling 1 source file with javac [debug release 21] to target/test-classes
[INFO]
[INFO] --- surefire:3.5.4:test (default-test) @ fileserv-auth-file-plaintext ---
[INFO] Tests are skipped.
[INFO]
[INFO] --- jar:3.4.1:jar (default-jar) @ fileserv-auth-file-plaintext ---
[INFO] Building jar: /Users/timo/Dev/stuelten@gh/fileserv/fileserv-auth-file/fileserv-auth-file-plaintext/target/fileserv-auth-file-plaintext-0.2.2-SNAPSHOT.jar
[INFO]
[INFO] ------------------< de.sty:fileserv-auth-file-bcrypt >------------------
[INFO] Building fileserv-auth-file-bcrypt 0.2.2-SNAPSHOT                 [6/13]
[INFO]   from fileserv-auth-file/fileserv-auth-file-bcrypt/pom.xml
[INFO] --------------------------------[ jar ]---------------------------------
[INFO]
[INFO] --- clean:3.2.0:clean (default-clean) @ fileserv-auth-file-bcrypt ---
[INFO] Deleting /Users/timo/Dev/stuelten@gh/fileserv/fileserv-auth-file/fileserv-auth-file-bcrypt/target
[INFO]
[INFO] --- resources:3.3.1:resources (default-resources) @ fileserv-auth-file-bcrypt ---
[INFO] Copying 1 resource from src/main/resources to target/classes
[INFO]
[INFO] --- compiler:3.14.1:compile (default-compile) @ fileserv-auth-file-bcrypt ---
[INFO] Recompiling the module because of changed dependency.
[INFO] Compiling 2 source files with javac [debug release 21] to target/classes
[INFO]
[INFO] --- resources:3.3.1:testResources (default-testResources) @ fileserv-auth-file-bcrypt ---
[INFO] skip non existing resourceDirectory /Users/timo/Dev/stuelten@gh/fileserv/fileserv-auth-file/fileserv-auth-file-bcrypt/src/test/resources
[INFO]
[INFO] --- compiler:3.14.1:testCompile (default-testCompile) @ fileserv-auth-file-bcrypt ---
[INFO] Recompiling the module because of changed dependency.
[INFO] Compiling 1 source file with javac [debug release 21] to target/test-classes
[INFO]
[INFO] --- surefire:3.5.4:test (default-test) @ fileserv-auth-file-bcrypt ---
[INFO] Tests are skipped.
[INFO]
[INFO] --- jar:3.4.1:jar (default-jar) @ fileserv-auth-file-bcrypt ---
[INFO] Building jar: /Users/timo/Dev/stuelten@gh/fileserv/fileserv-auth-file/fileserv-auth-file-bcrypt/target/fileserv-auth-file-bcrypt-0.2.2-SNAPSHOT.jar
[INFO]
[INFO] ----------------< de.sty:fileserv-auth-file-smb-utils >-----------------
[INFO] Building fileserv-auth-file-smb-utils 0.2.2-SNAPSHOT              [7/13]
[INFO]   from fileserv-auth-file/fileserv-auth-file-smb-utils/pom.xml
[INFO] --------------------------------[ jar ]---------------------------------
[INFO]
[INFO] --- clean:3.2.0:clean (default-clean) @ fileserv-auth-file-smb-utils ---
[INFO] Deleting /Users/timo/Dev/stuelten@gh/fileserv/fileserv-auth-file/fileserv-auth-file-smb-utils/target
[INFO]
[INFO] --- resources:3.3.1:resources (default-resources) @ fileserv-auth-file-smb-utils ---
[INFO] skip non existing resourceDirectory /Users/timo/Dev/stuelten@gh/fileserv/fileserv-auth-file/fileserv-auth-file-smb-utils/src/main/resources
[INFO]
[INFO] --- compiler:3.14.1:compile (default-compile) @ fileserv-auth-file-smb-utils ---
[INFO] Recompiling the module because of changed dependency.
[INFO] Compiling 1 source file with javac [debug release 21] to target/classes
[INFO]
[INFO] --- resources:3.3.1:testResources (default-testResources) @ fileserv-auth-file-smb-utils ---
[INFO] skip non existing resourceDirectory /Users/timo/Dev/stuelten@gh/fileserv/fileserv-auth-file/fileserv-auth-file-smb-utils/src/test/resources
[INFO]
[INFO] --- compiler:3.14.1:testCompile (default-testCompile) @ fileserv-auth-file-smb-utils ---
[INFO] Recompiling the module because of changed dependency.
[INFO] Compiling 1 source file with javac [debug release 21] to target/test-classes
[INFO]
[INFO] --- surefire:3.5.4:test (default-test) @ fileserv-auth-file-smb-utils ---
[INFO] Tests are skipped.
[INFO]
[INFO] --- jar:3.4.1:jar (default-jar) @ fileserv-auth-file-smb-utils ---
[INFO] Building jar: /Users/timo/Dev/stuelten@gh/fileserv/fileserv-auth-file/fileserv-auth-file-smb-utils/target/fileserv-auth-file-smb-utils-0.2.2-SNAPSHOT.jar
[INFO]
[INFO] -------------------< de.sty:fileserv-auth-file-smb >--------------------
[INFO] Building fileserv-auth-file-smb 0.2.2-SNAPSHOT                    [8/13]
[INFO]   from fileserv-auth-file/fileserv-auth-file-smb/pom.xml
[INFO] --------------------------------[ jar ]---------------------------------
[INFO]
[INFO] --- clean:3.2.0:clean (default-clean) @ fileserv-auth-file-smb ---
[INFO] Deleting /Users/timo/Dev/stuelten@gh/fileserv/fileserv-auth-file/fileserv-auth-file-smb/target
[INFO]
[INFO] --- resources:3.3.1:resources (default-resources) @ fileserv-auth-file-smb ---
[INFO] Copying 1 resource from src/main/resources to target/classes
[INFO]
[INFO] --- compiler:3.14.1:compile (default-compile) @ fileserv-auth-file-smb ---
[INFO] Recompiling the module because of changed dependency.
[INFO] Compiling 2 source files with javac [debug release 21] to target/classes
[INFO]
[INFO] --- resources:3.3.1:testResources (default-testResources) @ fileserv-auth-file-smb ---
[INFO] skip non existing resourceDirectory /Users/timo/Dev/stuelten@gh/fileserv/fileserv-auth-file/fileserv-auth-file-smb/src/test/resources
[INFO]
[INFO] --- compiler:3.14.1:testCompile (default-testCompile) @ fileserv-auth-file-smb ---
[INFO] Recompiling the module because of changed dependency.
[INFO] Compiling 1 source file with javac [debug release 21] to target/test-classes
[INFO]
[INFO] --- surefire:3.5.4:test (default-test) @ fileserv-auth-file-smb ---
[INFO] Tests are skipped.
[INFO]
[INFO] --- jar:3.4.1:jar (default-jar) @ fileserv-auth-file-smb ---
[INFO] Building jar: /Users/timo/Dev/stuelten@gh/fileserv/fileserv-auth-file/fileserv-auth-file-smb/target/fileserv-auth-file-smb-0.2.2-SNAPSHOT.jar
[INFO]
[INFO] ----------------< de.sty:fileserv-auth-file-smbpasswd >-----------------
[INFO] Building fileserv-auth-file-smbpasswd 0.2.2-SNAPSHOT              [9/13]
[INFO]   from fileserv-auth-file/fileserv-auth-file-smbpasswd/pom.xml
[INFO] --------------------------------[ jar ]---------------------------------
[INFO]
[INFO] --- clean:3.2.0:clean (default-clean) @ fileserv-auth-file-smbpasswd ---
[INFO] Deleting /Users/timo/Dev/stuelten@gh/fileserv/fileserv-auth-file/fileserv-auth-file-smbpasswd/target
[INFO]
[INFO] --- resources:3.3.1:resources (default-resources) @ fileserv-auth-file-smbpasswd ---
[INFO] skip non existing resourceDirectory /Users/timo/Dev/stuelten@gh/fileserv/fileserv-auth-file/fileserv-auth-file-smbpasswd/src/main/resources
[INFO]
[INFO] --- compiler:3.14.1:compile (default-compile) @ fileserv-auth-file-smbpasswd ---
[INFO] Recompiling the module because of changed dependency.
[INFO] Compiling 1 source file with javac [debug release 21] to target/classes
[INFO]
[INFO] --- resources:3.3.1:testResources (default-testResources) @ fileserv-auth-file-smbpasswd ---
[INFO] skip non existing resourceDirectory /Users/timo/Dev/stuelten@gh/fileserv/fileserv-auth-file/fileserv-auth-file-smbpasswd/src/test/resources
[INFO]
[INFO] --- compiler:3.14.1:testCompile (default-testCompile) @ fileserv-auth-file-smbpasswd ---
[INFO] Recompiling the module because of changed dependency.
[INFO] Compiling 1 source file with javac [debug release 21] to target/test-classes
[INFO]
[INFO] --- surefire:3.5.4:test (default-test) @ fileserv-auth-file-smbpasswd ---
[INFO] Tests are skipped.
[INFO]
[INFO] --- jar:3.4.1:jar (default-jar) @ fileserv-auth-file-smbpasswd ---
[INFO] Building jar: /Users/timo/Dev/stuelten@gh/fileserv/fileserv-auth-file/fileserv-auth-file-smbpasswd/target/fileserv-auth-file-smbpasswd-0.2.2-SNAPSHOT.jar
[INFO]
[INFO] --- shade:3.6.0:shade (default) @ fileserv-auth-file-smbpasswd ---
[INFO] Including de.sty:fileserv-auth-file-smb-utils:jar:0.2.2-SNAPSHOT in the shaded jar.
[INFO] Including org.bouncycastle:bcutil-jdk18on:jar:1.82 in the shaded jar.
[INFO] Including org.bouncycastle:bcprov-jdk18on:jar:1.82 in the shaded jar.
[INFO] Including info.picocli:picocli:jar:4.7.6 in the shaded jar.
[INFO] Including org.slf4j:slf4j-simple:jar:2.0.17 in the shaded jar.
[INFO] Including de.sty:fileserv-core:jar:0.2.2-SNAPSHOT in the shaded jar.
[INFO] Including org.eclipse.jetty:jetty-server:jar:12.1.5 in the shaded jar.
[INFO] Including org.eclipse.jetty:jetty-http:jar:12.1.5 in the shaded jar.
[INFO] Including org.eclipse.jetty:jetty-io:jar:12.1.5 in the shaded jar.
[INFO] Including org.eclipse.jetty:jetty-security:jar:12.1.5 in the shaded jar.
[INFO] Including org.eclipse.jetty:jetty-util:jar:12.1.5 in the shaded jar.
[INFO] Including org.eclipse.jetty.ee10:jetty-ee10-servlet:jar:12.1.5 in the shaded jar.
[INFO] Including jakarta.servlet:jakarta.servlet-api:jar:6.0.0 in the shaded jar.
[INFO] Including org.eclipse.jetty:jetty-session:jar:12.1.5 in the shaded jar.
[INFO] Including org.slf4j:slf4j-api:jar:2.0.17 in the shaded jar.
[INFO] Dependency-reduced POM written at: /Users/timo/Dev/stuelten@gh/fileserv/fileserv-auth-file/fileserv-auth-file-smbpasswd/dependency-reduced-pom.xml
[WARNING] Discovered module-info.class. Shading will break its strong encapsulation.
[WARNING] Discovered module-info.class. Shading will break its strong encapsulation.
[WARNING] Discovered module-info.class. Shading will break its strong encapsulation.
[WARNING] Discovered module-info.class. Shading will break its strong encapsulation.
[WARNING] Discovered module-info.class. Shading will break its strong encapsulation.
[WARNING] Discovered module-info.class. Shading will break its strong encapsulation.
[WARNING] Discovered module-info.class. Shading will break its strong encapsulation.
[WARNING] Discovered module-info.class. Shading will break its strong encapsulation.
[WARNING] bcprov-jdk18on-1.82.jar, bcutil-jdk18on-1.82.jar define 1 overlapping resource:
[WARNING]   - META-INF/versions/9/OSGI-INF/MANIFEST.MF
[WARNING] slf4j-api-2.0.17.jar, slf4j-simple-2.0.17.jar define 1 overlapping resource:
[WARNING]   - META-INF/LICENSE.txt
[WARNING] bcprov-jdk18on-1.82.jar, bcutil-jdk18on-1.82.jar, fileserv-auth-file-smb-utils-0.2.2-SNAPSHOT.jar, fileserv-auth-file-smbpasswd-0.2.2-SNAPSHOT.jar, fileserv-core-0.2.2-SNAPSHOT.jar, jakarta.servlet-api-6.0.0.jar, jetty-ee10-servlet-12.1.5.jar, jetty-http-12.1.5.jar, jetty-io-12.1.5.jar, jetty-security-12.1.5.jar, jetty-server-12.1.5.jar, jetty-session-12.1.5.jar, jetty-util-12.1.5.jar, picocli-4.7.6.jar, slf4j-api-2.0.17.jar, slf4j-simple-2.0.17.jar define 1 overlapping resource:
[WARNING]   - META-INF/MANIFEST.MF
[WARNING] bcprov-jdk18on-1.82.jar, bcutil-jdk18on-1.82.jar, picocli-4.7.6.jar, slf4j-api-2.0.17.jar, slf4j-simple-2.0.17.jar define 1 overlapping classes:
[WARNING]   - META-INF.versions.9.module-info
[WARNING] maven-shade-plugin has detected that some files are
[WARNING] present in two or more JARs. When this happens, only one
[WARNING] single version of the file is copied to the uber jar.
[WARNING] Usually this is not harmful and you can skip these warnings,
[WARNING] otherwise try to manually exclude artifacts based on
[WARNING] mvn dependency:tree -Ddetail=true and the above output.
[WARNING] See https://maven.apache.org/plugins/maven-shade-plugin/
[INFO] Replacing /Users/timo/Dev/stuelten@gh/fileserv/fileserv-auth-file/fileserv-auth-file-smbpasswd/target/fileserv-smbpasswd.jar with /Users/timo/Dev/stuelten@gh/fileserv/fileserv-auth-file/fileserv-auth-file-smbpasswd/target/fileserv-auth-file-smbpasswd-0.2.2-SNAPSHOT-shaded.jar
[INFO]
[INFO] ---------------------< de.sty:fileserv-auth-ldap >----------------------
[INFO] Building fileserv-auth-ldap 0.2.2-SNAPSHOT                       [10/13]
[INFO]   from fileserv-auth-ldap/pom.xml
[INFO] --------------------------------[ jar ]---------------------------------
[INFO]
[INFO] --- clean:3.2.0:clean (default-clean) @ fileserv-auth-ldap ---
[INFO] Deleting /Users/timo/Dev/stuelten@gh/fileserv/fileserv-auth-ldap/target
[INFO]
[INFO] --- resources:3.3.1:resources (default-resources) @ fileserv-auth-ldap ---
[INFO] Copying 1 resource from src/main/resources to target/classes
[INFO]
[INFO] --- compiler:3.14.1:compile (default-compile) @ fileserv-auth-ldap ---
[INFO] Recompiling the module because of changed dependency.
[INFO] Compiling 2 source files with javac [debug release 21] to target/classes
[INFO]
[INFO] --- resources:3.3.1:testResources (default-testResources) @ fileserv-auth-ldap ---
[INFO] skip non existing resourceDirectory /Users/timo/Dev/stuelten@gh/fileserv/fileserv-auth-ldap/src/test/resources
[INFO]
[INFO] --- compiler:3.14.1:testCompile (default-testCompile) @ fileserv-auth-ldap ---
[INFO] Recompiling the module because of changed dependency.
[INFO] Compiling 1 source file with javac [debug release 21] to target/test-classes
[INFO]
[INFO] --- surefire:3.5.4:test (default-test) @ fileserv-auth-ldap ---
[INFO] Tests are skipped.
[INFO]
[INFO] --- jar:3.4.1:jar (default-jar) @ fileserv-auth-ldap ---
[INFO] Building jar: /Users/timo/Dev/stuelten@gh/fileserv/fileserv-auth-ldap/target/fileserv-auth-ldap-0.2.2-SNAPSHOT.jar
[INFO]
[INFO] ------------------------< de.sty:fileserv-app >-------------------------
[INFO] Building fileserv-app 0.2.2-SNAPSHOT                             [11/13]
[INFO]   from fileserv-app/pom.xml
[INFO] --------------------------------[ jar ]---------------------------------
[INFO]
[INFO] --- clean:3.2.0:clean (default-clean) @ fileserv-app ---
[INFO] Deleting /Users/timo/Dev/stuelten@gh/fileserv/fileserv-app/target
[INFO]
[INFO] --- resources:3.3.1:resources (default-resources) @ fileserv-app ---
[INFO] Copying 1 resource from src/main/resources to target/classes
[INFO]
[INFO] --- compiler:3.14.1:compile (default-compile) @ fileserv-app ---
[INFO] Recompiling the module because of changed dependency.
[INFO] Compiling 1 source file with javac [debug release 21] to target/classes
[INFO]
[INFO] --- resources:3.3.1:testResources (default-testResources) @ fileserv-app ---
[INFO] Copying 0 resource from src/test/resources to target/test-classes
[INFO]
[INFO] --- compiler:3.14.1:testCompile (default-testCompile) @ fileserv-app ---
[INFO] Recompiling the module because of changed dependency.
[INFO] Compiling 4 source files with javac [debug release 21] to target/test-classes
[INFO]
[INFO] --- surefire:3.5.4:test (default-test) @ fileserv-app ---
[INFO] Tests are skipped.
[INFO]
[INFO] --- jar:3.5.0:jar (default-jar) @ fileserv-app ---
[INFO] Building jar: /Users/timo/Dev/stuelten@gh/fileserv/fileserv-app/target/fileserv-app-0.2.2-SNAPSHOT.jar
[INFO]
[INFO] --- shade:3.6.0:shade (default) @ fileserv-app ---
[INFO] Including de.sty:fileserv-core:jar:0.2.2-SNAPSHOT in the shaded jar.
[INFO] Including org.eclipse.jetty:jetty-server:jar:12.1.5 in the shaded jar.
[INFO] Including org.eclipse.jetty:jetty-http:jar:12.1.5 in the shaded jar.
[INFO] Including org.eclipse.jetty:jetty-io:jar:12.1.5 in the shaded jar.
[INFO] Including org.eclipse.jetty:jetty-security:jar:12.1.5 in the shaded jar.
[INFO] Including org.eclipse.jetty:jetty-util:jar:12.1.5 in the shaded jar.
[INFO] Including org.eclipse.jetty.ee10:jetty-ee10-servlet:jar:12.1.5 in the shaded jar.
[INFO] Including jakarta.servlet:jakarta.servlet-api:jar:6.0.0 in the shaded jar.
[INFO] Including org.eclipse.jetty:jetty-session:jar:12.1.5 in the shaded jar.
[INFO] Including de.sty:fileserv-auth-ldap:jar:0.2.2-SNAPSHOT in the shaded jar.
[INFO] Including de.sty:fileserv-auth-dummy:jar:0.2.2-SNAPSHOT in the shaded jar.
[INFO] Including de.sty:fileserv-auth-file-plaintext:jar:0.2.2-SNAPSHOT in the shaded jar.
[INFO] Including de.sty:fileserv-auth-file-bcrypt:jar:0.2.2-SNAPSHOT in the shaded jar.
[INFO] Including org.mindrot:jbcrypt:jar:0.4 in the shaded jar.
[INFO] Including de.sty:fileserv-auth-file-smb:jar:0.2.2-SNAPSHOT in the shaded jar.
[INFO] Including de.sty:fileserv-auth-file-smb-utils:jar:0.2.2-SNAPSHOT in the shaded jar.
[INFO] Including org.bouncycastle:bcutil-jdk18on:jar:1.82 in the shaded jar.
[INFO] Including org.bouncycastle:bcprov-jdk18on:jar:1.82 in the shaded jar.
[INFO] Including org.slf4j:slf4j-api:jar:2.0.17 in the shaded jar.
[INFO] Including org.slf4j:slf4j-simple:jar:2.0.17 in the shaded jar.
[INFO] Including info.picocli:picocli:jar:4.7.6 in the shaded jar.
[WARNING] Discovered module-info.class. Shading will break its strong encapsulation.
[WARNING] Discovered module-info.class. Shading will break its strong encapsulation.
[WARNING] Discovered module-info.class. Shading will break its strong encapsulation.
[WARNING] Discovered module-info.class. Shading will break its strong encapsulation.
[WARNING] Discovered module-info.class. Shading will break its strong encapsulation.
[WARNING] Discovered module-info.class. Shading will break its strong encapsulation.
[WARNING] Discovered module-info.class. Shading will break its strong encapsulation.
[WARNING] Discovered module-info.class. Shading will break its strong encapsulation.
[WARNING] bcprov-jdk18on-1.82.jar, bcutil-jdk18on-1.82.jar define 1 overlapping resource:
[WARNING]   - META-INF/versions/9/OSGI-INF/MANIFEST.MF
[WARNING] slf4j-api-2.0.17.jar, slf4j-simple-2.0.17.jar define 1 overlapping resource:
[WARNING]   - META-INF/LICENSE.txt
[WARNING] bcprov-jdk18on-1.82.jar, bcutil-jdk18on-1.82.jar, fileserv-app-0.2.2-SNAPSHOT.jar, fileserv-auth-dummy-0.2.2-SNAPSHOT.jar, fileserv-auth-file-bcrypt-0.2.2-SNAPSHOT.jar, fileserv-auth-file-plaintext-0.2.2-SNAPSHOT.jar, fileserv-auth-file-smb-0.2.2-SNAPSHOT.jar, fileserv-auth-file-smb-utils-0.2.2-SNAPSHOT.jar, fileserv-auth-ldap-0.2.2-SNAPSHOT.jar, fileserv-core-0.2.2-SNAPSHOT.jar, jakarta.servlet-api-6.0.0.jar, jbcrypt-0.4.jar, jetty-ee10-servlet-12.1.5.jar, jetty-http-12.1.5.jar, jetty-io-12.1.5.jar, jetty-security-12.1.5.jar, jetty-server-12.1.5.jar, jetty-session-12.1.5.jar, jetty-util-12.1.5.jar, picocli-4.7.6.jar, slf4j-api-2.0.17.jar, slf4j-simple-2.0.17.jar define 1 overlapping resource:
[WARNING]   - META-INF/MANIFEST.MF
[WARNING] bcprov-jdk18on-1.82.jar, bcutil-jdk18on-1.82.jar, picocli-4.7.6.jar, slf4j-api-2.0.17.jar, slf4j-simple-2.0.17.jar define 1 overlapping classes:
[WARNING]   - META-INF.versions.9.module-info
[WARNING] maven-shade-plugin has detected that some files are
[WARNING] present in two or more JARs. When this happens, only one
[WARNING] single version of the file is copied to the uber jar.
[WARNING] Usually this is not harmful and you can skip these warnings,
[WARNING] otherwise try to manually exclude artifacts based on
[WARNING] mvn dependency:tree -Ddetail=true and the above output.
[WARNING] See https://maven.apache.org/plugins/maven-shade-plugin/
[INFO] Replacing /Users/timo/Dev/stuelten@gh/fileserv/fileserv-app/target/fileserv-app.jar with /Users/timo/Dev/stuelten@gh/fileserv/fileserv-app/target/fileserv-app-0.2.2-SNAPSHOT-shaded.jar
[INFO]
[INFO] --- really-executable-jar:2.1.1:really-executable-jar (default) @ fileserv-app ---
[INFO] Successfully made JAR [/Users/timo/Dev/stuelten@gh/fileserv/fileserv-app/target/fileserv] executable
[INFO]
[INFO] --------------------< de.sty:fileserv-test-webdav >---------------------
[INFO] Building fileserv-test-webdav 0.2.2-SNAPSHOT                     [12/13]
[INFO]   from fileserv-test-webdav/pom.xml
[INFO] --------------------------------[ jar ]---------------------------------
[INFO]
[INFO] --- clean:3.2.0:clean (default-clean) @ fileserv-test-webdav ---
[INFO] Deleting /Users/timo/Dev/stuelten@gh/fileserv/fileserv-test-webdav/target
[INFO]
[INFO] --- resources:3.3.1:resources (default-resources) @ fileserv-test-webdav ---
[INFO] skip non existing resourceDirectory /Users/timo/Dev/stuelten@gh/fileserv/fileserv-test-webdav/src/main/resources
[INFO]
[INFO] --- compiler:3.14.1:compile (default-compile) @ fileserv-test-webdav ---
[INFO] Recompiling the module because of changed dependency.
[INFO] Compiling 1 source file with javac [debug release 21] to target/classes
[INFO]
[INFO] --- resources:3.3.1:testResources (default-testResources) @ fileserv-test-webdav ---
[INFO] skip non existing resourceDirectory /Users/timo/Dev/stuelten@gh/fileserv/fileserv-test-webdav/src/test/resources
[INFO]
[INFO] --- compiler:3.14.1:testCompile (default-testCompile) @ fileserv-test-webdav ---
[INFO] No sources to compile
[INFO]
[INFO] --- surefire:3.5.4:test (default-test) @ fileserv-test-webdav ---
[INFO] Tests are skipped.
[INFO]
[INFO] --- jar:3.4.1:jar (default-jar) @ fileserv-test-webdav ---
[INFO] Building jar: /Users/timo/Dev/stuelten@gh/fileserv/fileserv-test-webdav/target/fileserv-test-webdav-0.2.2-SNAPSHOT.jar
[INFO]
[INFO] --- shade:3.6.0:shade (default) @ fileserv-test-webdav ---
[INFO] Including de.sty:fileserv-core:jar:0.2.2-SNAPSHOT in the shaded jar.
[INFO] Including org.eclipse.jetty:jetty-server:jar:12.1.5 in the shaded jar.
[INFO] Including org.eclipse.jetty:jetty-http:jar:12.1.5 in the shaded jar.
[INFO] Including org.eclipse.jetty:jetty-io:jar:12.1.5 in the shaded jar.
[INFO] Including org.eclipse.jetty:jetty-security:jar:12.1.5 in the shaded jar.
[INFO] Including org.eclipse.jetty:jetty-util:jar:12.1.5 in the shaded jar.
[INFO] Including org.eclipse.jetty.ee10:jetty-ee10-servlet:jar:12.1.5 in the shaded jar.
[INFO] Including jakarta.servlet:jakarta.servlet-api:jar:6.0.0 in the shaded jar.
[INFO] Including org.eclipse.jetty:jetty-session:jar:12.1.5 in the shaded jar.
[INFO] Including org.slf4j:slf4j-api:jar:2.0.17 in the shaded jar.
[INFO] Including com.github.lookfirst:sardine:jar:5.13 in the shaded jar.
[INFO] Including org.apache.httpcomponents:httpclient:jar:4.5.14 in the shaded jar.
[INFO] Including org.apache.httpcomponents:httpcore:jar:4.4.16 in the shaded jar.
[INFO] Including commons-logging:commons-logging:jar:1.2 in the shaded jar.
[INFO] Including commons-codec:commons-codec:jar:1.11 in the shaded jar.
[INFO] Including jakarta.xml.bind:jakarta.xml.bind-api:jar:4.0.2 in the shaded jar.
[INFO] Including jakarta.activation:jakarta.activation-api:jar:2.1.3 in the shaded jar.
[INFO] Including org.glassfish.jaxb:jaxb-runtime:jar:4.0.5 in the shaded jar.
[INFO] Including org.glassfish.jaxb:jaxb-core:jar:4.0.5 in the shaded jar.
[INFO] Including org.eclipse.angus:angus-activation:jar:2.0.2 in the shaded jar.
[INFO] Including org.glassfish.jaxb:txw2:jar:4.0.5 in the shaded jar.
[INFO] Including com.sun.istack:istack-commons-runtime:jar:4.1.2 in the shaded jar.
[INFO] Including info.picocli:picocli:jar:4.7.6 in the shaded jar.
[WARNING] Discovered module-info.class. Shading will break its strong encapsulation.
[WARNING] Discovered module-info.class. Shading will break its strong encapsulation.
[WARNING] Discovered module-info.class. Shading will break its strong encapsulation.
[WARNING] Discovered module-info.class. Shading will break its strong encapsulation.
[WARNING] Discovered module-info.class. Shading will break its strong encapsulation.
[WARNING] Discovered module-info.class. Shading will break its strong encapsulation.
[WARNING] Discovered module-info.class. Shading will break its strong encapsulation.
[WARNING] Discovered module-info.class. Shading will break its strong encapsulation.
[WARNING] Discovered module-info.class. Shading will break its strong encapsulation.
[WARNING] Discovered module-info.class. Shading will break its strong encapsulation.
[WARNING] Discovered module-info.class. Shading will break its strong encapsulation.
[WARNING] Discovered module-info.class. Shading will break its strong encapsulation.
[WARNING] Discovered module-info.class. Shading will break its strong encapsulation.
[WARNING] Discovered module-info.class. Shading will break its strong encapsulation.
[WARNING] Discovered module-info.class. Shading will break its strong encapsulation.
[WARNING] picocli-4.7.6.jar, slf4j-api-2.0.17.jar define 1 overlapping classes:
[WARNING]   - META-INF.versions.9.module-info
[WARNING] commons-codec-1.11.jar, commons-logging-1.2.jar, slf4j-api-2.0.17.jar define 1 overlapping resource:
[WARNING]   - META-INF/LICENSE.txt
[WARNING] angus-activation-2.0.2.jar, jakarta.activation-api-2.1.3.jar, jakarta.xml.bind-api-4.0.2.jar, jaxb-core-4.0.5.jar, jaxb-runtime-4.0.5.jar, txw2-4.0.5.jar define 2 overlapping resources:
[WARNING]   - META-INF/LICENSE.md
[WARNING]   - META-INF/NOTICE.md
[WARNING] commons-codec-1.11.jar, commons-logging-1.2.jar define 1 overlapping resource:
[WARNING]   - META-INF/NOTICE.txt
[WARNING] angus-activation-2.0.2.jar, commons-codec-1.11.jar, commons-logging-1.2.jar, fileserv-core-0.2.2-SNAPSHOT.jar, fileserv-test-webdav-0.2.2-SNAPSHOT.jar, httpclient-4.5.14.jar, httpcore-4.4.16.jar, istack-commons-runtime-4.1.2.jar, jakarta.activation-api-2.1.3.jar, jakarta.servlet-api-6.0.0.jar, jakarta.xml.bind-api-4.0.2.jar, jaxb-core-4.0.5.jar, jaxb-runtime-4.0.5.jar, jetty-ee10-servlet-12.1.5.jar, jetty-http-12.1.5.jar, jetty-io-12.1.5.jar, jetty-security-12.1.5.jar, jetty-server-12.1.5.jar, jetty-session-12.1.5.jar, jetty-util-12.1.5.jar, picocli-4.7.6.jar, sardine-5.13.jar, slf4j-api-2.0.17.jar, txw2-4.0.5.jar define 1 overlapping resource:
[WARNING]   - META-INF/MANIFEST.MF
[WARNING] httpclient-4.5.14.jar, httpcore-4.4.16.jar define 3 overlapping resources:
[WARNING]   - META-INF/DEPENDENCIES
[WARNING]   - META-INF/LICENSE
[WARNING]   - META-INF/NOTICE
[WARNING] maven-shade-plugin has detected that some files are
[WARNING] present in two or more JARs. When this happens, only one
[WARNING] single version of the file is copied to the uber jar.
[WARNING] Usually this is not harmful and you can skip these warnings,
[WARNING] otherwise try to manually exclude artifacts based on
[WARNING] mvn dependency:tree -Ddetail=true and the above output.
[WARNING] See https://maven.apache.org/plugins/maven-shade-plugin/
[INFO] Replacing /Users/timo/Dev/stuelten@gh/fileserv/fileserv-test-webdav/target/fileserv-test-webdav.jar with /Users/timo/Dev/stuelten@gh/fileserv/fileserv-test-webdav/target/fileserv-test-webdav-0.2.2-SNAPSHOT-shaded.jar
[INFO]
[INFO] --------------< de.sty:fileserv-test-generate-hierarchy >---------------
[INFO] Building fileserv-test-generate-hierarchy 0.2.2-SNAPSHOT         [13/13]
[INFO]   from fileserv-test-generate-hierarchy/pom.xml
[INFO] --------------------------------[ jar ]---------------------------------
[INFO]
[INFO] --- clean:3.2.0:clean (default-clean) @ fileserv-test-generate-hierarchy ---
[INFO] Deleting /Users/timo/Dev/stuelten@gh/fileserv/fileserv-test-generate-hierarchy/target
[INFO]
[INFO] --- resources:3.3.1:resources (default-resources) @ fileserv-test-generate-hierarchy ---
[INFO] skip non existing resourceDirectory /Users/timo/Dev/stuelten@gh/fileserv/fileserv-test-generate-hierarchy/src/main/resources
[INFO]
[INFO] --- compiler:3.14.1:compile (default-compile) @ fileserv-test-generate-hierarchy ---
[INFO] Recompiling the module because of changed source code.
[INFO] Compiling 1 source file with javac [debug release 21] to target/classes
[INFO]
[INFO] --- resources:3.3.1:testResources (default-testResources) @ fileserv-test-generate-hierarchy ---
[INFO] skip non existing resourceDirectory /Users/timo/Dev/stuelten@gh/fileserv/fileserv-test-generate-hierarchy/src/test/resources
[INFO]
[INFO] --- compiler:3.14.1:testCompile (default-testCompile) @ fileserv-test-generate-hierarchy ---
[INFO] Recompiling the module because of changed dependency.
[INFO] Compiling 1 source file with javac [debug release 21] to target/test-classes
[WARNING] Die folgenden Optionen wurden von keinem Prozessor erkannt: "[project]"
[INFO]
[INFO] --- surefire:3.5.4:test (default-test) @ fileserv-test-generate-hierarchy ---
[INFO] Tests are skipped.
[INFO]
[INFO] --- jar:3.4.1:jar (default-jar) @ fileserv-test-generate-hierarchy ---
[INFO] Building jar: /Users/timo/Dev/stuelten@gh/fileserv/fileserv-test-generate-hierarchy/target/fileserv-test-generate-hierarchy-0.2.2-SNAPSHOT.jar
[INFO]
[INFO] --- shade:3.6.0:shade (default) @ fileserv-test-generate-hierarchy ---
[INFO] Including info.picocli:picocli:jar:4.7.6 in the shaded jar.
[WARNING] fileserv-test-generate-hierarchy-0.2.2-SNAPSHOT.jar, picocli-4.7.6.jar define 1 overlapping resource:
[WARNING]   - META-INF/MANIFEST.MF
[WARNING] maven-shade-plugin has detected that some files are
[WARNING] present in two or more JARs. When this happens, only one
[WARNING] single version of the file is copied to the uber jar.
[WARNING] Usually this is not harmful and you can skip these warnings,
[WARNING] otherwise try to manually exclude artifacts based on
[WARNING] mvn dependency:tree -Ddetail=true and the above output.
[WARNING] See https://maven.apache.org/plugins/maven-shade-plugin/
[INFO] Replacing /Users/timo/Dev/stuelten@gh/fileserv/fileserv-test-generate-hierarchy/target/fileserv-test-generate-hierarchy.jar with /Users/timo/Dev/stuelten@gh/fileserv/fileserv-test-generate-hierarchy/target/fileserv-test-generate-hierarchy-0.2.2-SNAPSHOT-shaded.jar
[INFO] ------------------------------------------------------------------------
[INFO] Reactor Summary for fileserv-parent 0.2.2-SNAPSHOT:
[INFO]
[INFO] fileserv-parent .................................... SUCCESS [  0.076 s]
[INFO] fileserv-core ...................................... SUCCESS [  1.209 s]
[INFO] fileserv-auth-dummy ................................ SUCCESS [  0.064 s]
[INFO] fileserv-auth-file ................................. SUCCESS [  0.001 s]
[INFO] fileserv-auth-file-plaintext ....................... SUCCESS [  0.180 s]
[INFO] fileserv-auth-file-bcrypt .......................... SUCCESS [  0.147 s]
[INFO] fileserv-auth-file-smb-utils ....................... SUCCESS [  0.163 s]
[INFO] fileserv-auth-file-smb ............................. SUCCESS [  0.177 s]
[INFO] fileserv-auth-file-smbpasswd ....................... SUCCESS [  1.373 s]
[INFO] fileserv-auth-ldap ................................. SUCCESS [  0.107 s]
[INFO] fileserv-app ....................................... SUCCESS [  1.281 s]
[INFO] fileserv-test-webdav ............................... SUCCESS [  0.549 s]
[INFO] fileserv-test-generate-hierarchy ................... SUCCESS [  0.238 s]
[INFO] ------------------------------------------------------------------------
[INFO] BUILD SUCCESS
[INFO] ------------------------------------------------------------------------
[INFO] Total time:  5.638 s
[INFO] Finished at: 2026-01-26T14:56:37+01:00
[INFO] ------------------------------------------------------------------------
Using podman-compose for container management.
Checking Podman machine...
Setting up config directory...
Generating smbpasswd users...
INFO: User 'charlie' updated in 'etc/smbpasswd'
Populating data directory...
Generating 46 files and 4 directories (Total: 50)
Target size: 5242880 bytes, Max depth: 3
Generation complete.
Starting FileServ container...
fileserv_fileserv_1
fileserv_fileserv_1
368fa3e8ce5e4fee6d95a96bc10941c133e9d44908fe79b621c7dc9b72113470
fileserv_default
STEP 1/15: FROM eclipse-temurin:21-jre
STEP 2/15: WORKDIR /app
--> Using cache f9db1a1681ad0e9205e9228156aafbfc5e5fecc19bc393ee4a90982c35f2100a
--> f9db1a1681ad
STEP 3/15: COPY fileserv-app/target/fileserv-app.jar fileserv-app.jar
--> 02089a1aae30
STEP 4/15: COPY fileserv-core/target/classes/version.properties ./
--> 2bb27b9ed505
STEP 5/15: COPY docker-entrypoint.sh ./
--> 272c2a876159
STEP 6/15: RUN chmod +x docker-entrypoint.sh
--> 6bd1f5b4599e
STEP 7/15: RUN mkdir -p /app/config
--> ad254557c45e
STEP 8/15: COPY config/* /app/config/
--> bb120a09e7e1
STEP 9/15: RUN mkdir -p /app/etc
--> a353f86cce37
STEP 10/15: VOLUME ["/app/etc"]
--> 5acff0222bc5
STEP 11/15: RUN mkdir -p /app/data
--> 719dd7abec58
STEP 12/15: VOLUME ["/app/data"]
--> 998b8a5605f1
STEP 13/15: RUN keytool -genkeypair -alias webdav -keyalg RSA -keysize 2048       -storetype PKCS12 -keystore /app/keystore.p12       -storepass changeit -keypass changeit       -dname "CN=localhost" -validity 365
Generating 2,048 bit RSA key pair and self-signed certificate (SHA384withRSA) with a validity of 365 days
        for: CN=localhost
--> e9de8366d776
STEP 14/15: EXPOSE 8080 8443
--> dbb6e752a2d7
STEP 15/15: ENTRYPOINT ["/app/docker-entrypoint.sh"]
COMMIT fileserv_fileserv
--> dc9d48c65b4b
Successfully tagged localhost/fileserv_fileserv:latest
dc9d48c65b4bdef61afee33181824fd633aee9ea188824d967a3c68cfdc2843f
65959f1f0a42838ae6453e7379111147697cd8b6ae37c1eae16c0a136ed548d2
1c61ba07a873666f4d6a4c2e311d42c9ac48d8b9ce15625adda2873c7ab4c0b2
fileserv_fileserv_1
Waiting for server to start...
Running WebDAV tests...
Testing Alice (Plaintext)...
Starting WebDAV tests against http://localhost:8080/
Test 1: Basic CRUD for a file
Test 1 passed.
Test 2: Basic CRUD for directory hierarchy
Test 2 passed.
Test 3: Encoding and special characters
 Testing: special !@#$%^&()_+-={}[];',.txt
Tests failed: Malformed escape pair at index 36: http://localhost:8080/special%20!@#$%^&()_+-={}[];',.txt
java.lang.IllegalArgumentException: Malformed escape pair at index 36: http://localhost:8080/special%20!@#$%^&()_+-={}[];',.txt
        at java.base/java.net.URI.create(URI.java:932)
        at org.apache.http.client.methods.HttpPut.<init>(HttpPut.java:65)
        at com.github.sardine.impl.SardineImpl.put(SardineImpl.java:922)
        at com.github.sardine.impl.SardineImpl.put(SardineImpl.java:917)
        at com.github.sardine.impl.SardineImpl.put(SardineImpl.java:905)
        at com.github.sardine.impl.SardineImpl.put(SardineImpl.java:839)
        at com.github.sardine.impl.SardineImpl.put(SardineImpl.java:832)
        at de.sty.fileserv.test.webdav.WebDavTestTool.runTest3(WebDavTestTool.java:151)
        at de.sty.fileserv.test.webdav.WebDavTestTool.call(WebDavTestTool.java:70)
        at de.sty.fileserv.test.webdav.WebDavTestTool.call(WebDavTestTool.java:18)
        at picocli.CommandLine.executeUserObject(CommandLine.java:2045)
        at picocli.CommandLine.access$1500(CommandLine.java:148)
        at picocli.CommandLine$RunLast.executeUserObjectOfLastSubcommandWithSameParent(CommandLine.java:2465)
        at picocli.CommandLine$RunLast.handle(CommandLine.java:2457)
        at picocli.CommandLine$RunLast.handle(CommandLine.java:2419)
        at picocli.CommandLine$AbstractParseResultHandler.execute(CommandLine.java:2277)
        at picocli.CommandLine$RunLast.execute(CommandLine.java:2421)
        at picocli.CommandLine.execute(CommandLine.java:2174)
        at de.sty.fileserv.test.webdav.WebDavTestTool.main(WebDavTestTool.java:49)
Caused by: java.net.URISyntaxException: Malformed escape pair at index 36: http://localhost:8080/special%20!@#$%^&()_+-={}[];',.txt
        at java.base/java.net.URI$Parser.fail(URI.java:2995)
        at java.base/java.net.URI$Parser.scanEscape(URI.java:3123)
        at java.base/java.net.URI$Parser.scan(URI.java:3146)
        at java.base/java.net.URI$Parser.checkChars(URI.java:3164)
        at java.base/java.net.URI$Parser.parse(URI.java:3210)
        at java.base/java.net.URI.<init>(URI.java:645)
        at java.base/java.net.URI.create(URI.java:930)
        ... 18 more
Testing Charlie (SMB)...
Starting WebDAV tests against http://localhost:8080/
Test 1: Basic CRUD for a file
Test 1 passed.
Test 2: Basic CRUD for directory hierarchy
Test 2 passed.
Test 3: Encoding and special characters
 Testing: special !@#$%^&()_+-={}[];',.txt
Tests failed: Malformed escape pair at index 36: http://localhost:8080/special%20!@#$%^&()_+-={}[];',.txt
java.lang.IllegalArgumentException: Malformed escape pair at index 36: http://localhost:8080/special%20!@#$%^&()_+-={}[];',.txt
        at java.base/java.net.URI.create(URI.java:932)
        at org.apache.http.client.methods.HttpPut.<init>(HttpPut.java:65)
        at com.github.sardine.impl.SardineImpl.put(SardineImpl.java:922)
        at com.github.sardine.impl.SardineImpl.put(SardineImpl.java:917)
        at com.github.sardine.impl.SardineImpl.put(SardineImpl.java:905)
        at com.github.sardine.impl.SardineImpl.put(SardineImpl.java:839)
        at com.github.sardine.impl.SardineImpl.put(SardineImpl.java:832)
        at de.sty.fileserv.test.webdav.WebDavTestTool.runTest3(WebDavTestTool.java:151)
        at de.sty.fileserv.test.webdav.WebDavTestTool.call(WebDavTestTool.java:70)
        at de.sty.fileserv.test.webdav.WebDavTestTool.call(WebDavTestTool.java:18)
        at picocli.CommandLine.executeUserObject(CommandLine.java:2045)
        at picocli.CommandLine.access$1500(CommandLine.java:148)
        at picocli.CommandLine$RunLast.executeUserObjectOfLastSubcommandWithSameParent(CommandLine.java:2465)
        at picocli.CommandLine$RunLast.handle(CommandLine.java:2457)
        at picocli.CommandLine$RunLast.handle(CommandLine.java:2419)
        at picocli.CommandLine$AbstractParseResultHandler.execute(CommandLine.java:2277)
        at picocli.CommandLine$RunLast.execute(CommandLine.java:2421)
        at picocli.CommandLine.execute(CommandLine.java:2174)
        at de.sty.fileserv.test.webdav.WebDavTestTool.main(WebDavTestTool.java:49)
Caused by: java.net.URISyntaxException: Malformed escape pair at index 36: http://localhost:8080/special%20!@#$%^&()_+-={}[];',.txt
        at java.base/java.net.URI$Parser.fail(URI.java:2995)
        at java.base/java.net.URI$Parser.scanEscape(URI.java:3123)
        at java.base/java.net.URI$Parser.scan(URI.java:3146)
        at java.base/java.net.URI$Parser.checkChars(URI.java:3164)
        at java.base/java.net.URI$Parser.parse(URI.java:3210)
        at java.base/java.net.URI.<init>(URI.java:645)
        at java.base/java.net.URI.create(URI.java:930)
        ... 18 more
FAILURE: One or more tests failed.
